\BOOKMARK [1][-]{section.1}{Descriptive\040Statistics}{}% 1
\BOOKMARK [1][-]{section.2}{Methodology}{}% 2
\BOOKMARK [1][-]{section.3}{Results}{}% 3
\BOOKMARK [2][-]{subsection.3.1}{Linguistic\040Inquiry\040and\040Word\040Count}{section.3}% 4
\BOOKMARK [3][-]{subsubsection.3.1.1}{Women\040vs\040Men}{subsection.3.1}% 5
\BOOKMARK [3][-]{subsubsection.3.1.2}{Shortlists\040vs\040Non-Shortlists}{subsection.3.1}% 6
\BOOKMARK [3][-]{subsubsection.3.1.3}{Conservatives\040vs\040Labour}{subsection.3.1}% 7
\BOOKMARK [3][-]{subsubsection.3.1.4}{All\040MPs\040Gender\040Differences}{subsection.3.1}% 8
\BOOKMARK [2][-]{subsection.3.2}{POS\040Analysis}{section.3}% 9
\BOOKMARK [2][-]{subsection.3.3}{Keyness}{section.3}% 10
\BOOKMARK [3][-]{subsubsection.3.3.1}{Labour\040Men\040vs\040Women}{subsection.3.3}% 11
\BOOKMARK [3][-]{subsubsection.3.3.2}{Shortlists\040vs\040Non-Shortlists}{subsection.3.3}% 12
\BOOKMARK [3][-]{subsubsection.3.3.3}{Labour\040vs\040Conservative}{subsection.3.3}% 13
\BOOKMARK [2][-]{subsection.3.4}{Bigrams}{section.3}% 14
\BOOKMARK [2][-]{subsection.3.5}{Naive\040Bayes\040classification}{section.3}% 15
\BOOKMARK [2][-]{subsection.3.6}{Topic\040Models}{section.3}% 16
\BOOKMARK [3][-]{subsubsection.3.6.1}{Topic\040Graphs}{subsection.3.6}% 17
\BOOKMARK [3][-]{subsubsection.3.6.2}{Word\040Occurrences}{subsection.3.6}% 18
\BOOKMARK [3][-]{subsubsection.3.6.3}{Manual\040Validation}{subsection.3.6}% 19
\BOOKMARK [2][-]{subsection.3.7}{Differences\040between\040Male,\040AWS\040and\040non-AWS\040Labour\040MPs}{section.3}% 20
\BOOKMARK [1][-]{section.4}{Discussion}{}% 21
\BOOKMARK [1][-]{section.5}{Appendix}{}% 22
\BOOKMARK [2][-]{subsection.5.1}{Gender\040effect\040estimates}{section.5}% 23
\BOOKMARK [2][-]{subsection.5.2}{Closeness\040in\040frequency\040for\040each\040topic}{section.5}% 24
\BOOKMARK [2][-]{subsection.5.3}{\\theta\040distribution}{section.5}% 25
\BOOKMARK [2][-]{subsection.5.4}{AWS\040References\040to\040Constituents\040in\040Context}{section.5}% 26
\BOOKMARK [1][-]{section*.4}{References}{}% 27
